<?xml  version="1.0" encoding="UTF-8"?>
<beans xmlns="http://www.springframework.org/schema/beans"
   xmlns:xsi="http://www.w3.org/2001/XMLSchema-instance"
   xmlns:context="http://www.springframework.org/schema/context" 
   xmlns:tx="http://www.springframework.org/schema/tx"
   xmlns:jdbc="http://www.springframework.org/schema/jdbc"
   xmlns:mvc="http://www.springframework.org/schema/mvc"
   xsi:schemaLocation="
      http://www.springframework.org/schema/beans
      http://www.springframework.org/schema/beans/spring-beans-3.2.xsd
      http://www.springframework.org/schema/context 
	  http://www.springframework.org/schema/context/spring-context-3.2.xsd 
      http://www.springframework.org/schema/tx
      http://www.springframework.org/schema/tx/spring-tx-3.2.xsd
      http://www.springframework.org/schema/jdbc 
      http://www.springframework.org/schema/jdbc/spring-jdbc-3.0.xsd">
      
<!-- 	<context:annotation-config/> -->
	<context:component-scan base-package="com.szpzs" />	
	
	 <!-- Activates scanning of @Autowired -->
	<context:annotation-config/>
    
	<bean id="myDataSource" class="org.apache.commons.dbcp.BasicDataSource" destroy-method="close">
		<property name="driverClassName" value="oracle.jdbc.OracleDriver" />
	    <property name="url" value="jdbc:oracle:thin:@obiwan:1521:orcl2" />
	    <property name="username" value="goods_exchange" />
	    <property name="password" value="goods_exchange" />
	</bean>
	  <bean id="mySessionFactory" class="org.springframework.orm.hibernate4.LocalSessionFactoryBean">
	    <property name="dataSource" ref="myDataSource"/>
	    <property name="packagesToScan">
	      <array>
	        <value>com.szpzs</value>
	      </array>
	    </property>
	    <property name="hibernateProperties">
	    	<props>
	    		<prop key="hibernate.show_sql">true</prop>
	    		<prop key="hibernate.hbm2dll.auto">auto</prop>
	    		<prop key="hibernate.dialect">org.hibernate.dialect.Oracle10gDialect</prop>
	    	</props>
	    </property>
	 </bean>
	 
	 <bean id="transactionManager" class="org.springframework.orm.hibernate4.HibernateTransactionManager">
	   <property name="sessionFactory" ref="mySessionFactory"/>
	 </bean>
	 <tx:annotation-driven transaction-manager="transactionManager"/>
    
</beans>
